[2025-04-02 00:35:26,779 : INFO : main : --------stage Data Ingestion Stage started------------]
[2025-04-02 00:35:26,781 : INFO : common : YAML file config\config.yaml read successfully]
[2025-04-02 00:35:26,782 : INFO : common : YAML file params.yaml read successfully]
[2025-04-02 00:35:26,782 : INFO : common : YAML file schema.yaml read successfully]
[2025-04-02 00:35:26,783 : INFO : common : Directory artifacts created]
[2025-04-02 00:35:26,783 : INFO : common : Directory artifacts/data_ingestion created]
[2025-04-02 00:35:28,674 : INFO : data_ingestion_component : artifacts/data_ingestion/data.zip downloaded from the url https://github.com/Abhijeeth8/datasets/raw/refs/heads/main/winequality-data.zip with headers Connection: close
Content-Length: 23329
Cache-Control: max-age=300
Content-Security-Policy: default-src 'none'; style-src 'unsafe-inline'; sandbox
Content-Type: application/zip
ETag: "c69888a4ae59bc5a893392785a938ccd4937981c06ba8a9d6a21aa52b4ab5b6e"
Strict-Transport-Security: max-age=31536000
X-Content-Type-Options: nosniff
X-Frame-Options: deny
X-XSS-Protection: 1; mode=block
X-GitHub-Request-Id: 53C3:28FDF7:17DFE3:1E9350:67ECAD76
Accept-Ranges: bytes
Date: Wed, 02 Apr 2025 04:35:27 GMT
Via: 1.1 varnish
X-Served-By: cache-mia-kmia1760097-MIA
X-Cache: HIT
X-Cache-Hits: 0
X-Timer: S1743568528.754704,VS0,VE94
Vary: Authorization,Accept-Encoding,Origin
Access-Control-Allow-Origin: *
Cross-Origin-Resource-Policy: cross-origin
X-Fastly-Request-ID: 3fcbd2d82a9ca4201a47d4b754479d6dc038681b
Expires: Wed, 02 Apr 2025 04:40:27 GMT
Source-Age: 0

]
[2025-04-02 00:36:03,752 : INFO : main : --------stage Data Ingestion Stage started------------]
[2025-04-02 00:36:03,753 : INFO : common : YAML file config\config.yaml read successfully]
[2025-04-02 00:36:03,754 : INFO : common : YAML file params.yaml read successfully]
[2025-04-02 00:36:03,755 : INFO : common : YAML file schema.yaml read successfully]
[2025-04-02 00:36:03,756 : INFO : common : Directory artifacts created]
[2025-04-02 00:36:03,756 : INFO : common : Directory artifacts/data_ingestion created]
[2025-04-02 00:36:03,756 : INFO : data_ingestion_component : File already exists]
[2025-04-02 00:36:03,757 : INFO : common : Directory artifacts/data_ingestion created]
[2025-04-02 00:36:03,762 : INFO : main : --------stage Data Ingestion Stage completed------------]
[2025-04-02 19:05:44,665 : INFO : common : YAML file config\config.yaml read successfully]
[2025-04-02 19:05:45,279 : INFO : common : YAML file params.yaml read successfully]
[2025-04-02 19:05:45,288 : INFO : common : YAML file schema.yaml read successfully]
[2025-04-02 19:05:45,621 : INFO : common : Directory artifacts created]
[2025-04-02 19:05:45,645 : INFO : common : Directory artifacts/data_validation created]
[2025-04-02 19:05:57,034 : INFO : common : YAML file config\config.yaml read successfully]
[2025-04-02 19:05:57,036 : INFO : common : YAML file params.yaml read successfully]
[2025-04-02 19:05:57,039 : INFO : common : YAML file schema.yaml read successfully]
[2025-04-02 19:05:57,042 : INFO : common : Directory artifacts created]
[2025-04-02 19:05:57,043 : INFO : common : Directory artifacts/data_validation created]
[2025-04-02 19:19:32,598 : INFO : utils : NumExpr defaulting to 8 threads.]
[2025-04-02 19:19:37,262 : INFO : main : --------stage Data Ingestion Stage started------------]
[2025-04-02 19:19:37,288 : INFO : common : YAML file config\config.yaml read successfully]
[2025-04-02 19:19:37,313 : INFO : common : YAML file params.yaml read successfully]
[2025-04-02 19:19:37,314 : INFO : common : YAML file schema.yaml read successfully]
[2025-04-02 19:19:37,316 : INFO : common : Directory artifacts created]
[2025-04-02 19:19:37,317 : INFO : common : Directory artifacts/data_ingestion created]
[2025-04-02 19:19:37,317 : INFO : data_ingestion_component : File already exists]
[2025-04-02 19:19:37,318 : INFO : common : Directory artifacts/data_ingestion created]
[2025-04-02 19:19:37,844 : INFO : main : --------stage Data Ingestion Stage completed------------]
[2025-04-02 19:19:37,844 : INFO : main : --------stage Data Validation Stage started------------]
[2025-04-02 19:19:37,846 : INFO : common : YAML file config\config.yaml read successfully]
[2025-04-02 19:19:37,847 : INFO : common : YAML file params.yaml read successfully]
[2025-04-02 19:19:37,849 : INFO : common : YAML file schema.yaml read successfully]
[2025-04-02 19:19:37,849 : INFO : common : Directory artifacts created]
[2025-04-02 19:19:37,876 : INFO : common : Directory artifacts/data_validation created]
[2025-04-02 19:19:38,087 : INFO : data_validation_pipeline : Is the data valid : True]
[2025-04-02 19:19:38,087 : INFO : main : --------stage Data Validation Stage completed------------]
[2025-04-02 20:01:10,690 : INFO : common : YAML file config\config.yaml read successfully]
[2025-04-02 20:01:16,246 : INFO : common : YAML file params.yaml read successfully]
[2025-04-02 20:01:16,557 : INFO : common : YAML file schema.yaml read successfully]
[2025-04-02 20:01:18,411 : INFO : common : Directory artifacts created]
[2025-04-02 20:01:19,393 : INFO : common : Directory artifacts/data_transformation created]
[2025-04-02 20:06:33,005 : INFO : common : YAML file config\config.yaml read successfully]
[2025-04-02 20:06:33,007 : INFO : common : YAML file params.yaml read successfully]
[2025-04-02 20:06:33,286 : INFO : common : YAML file schema.yaml read successfully]
[2025-04-02 20:06:33,287 : INFO : common : Directory artifacts created]
[2025-04-02 20:06:33,304 : INFO : common : Directory artifacts/data_transformation created]
[2025-04-02 20:07:34,059 : INFO : common : YAML file config\config.yaml read successfully]
[2025-04-02 20:07:34,069 : INFO : common : YAML file params.yaml read successfully]
[2025-04-02 20:07:34,072 : INFO : common : YAML file schema.yaml read successfully]
[2025-04-02 20:07:34,073 : INFO : common : Directory artifacts created]
[2025-04-02 20:07:34,075 : INFO : common : Directory artifacts/data_transformation created]
[2025-04-02 20:08:38,821 : INFO : common : YAML file config\config.yaml read successfully]
[2025-04-02 20:08:38,823 : INFO : common : YAML file params.yaml read successfully]
[2025-04-02 20:08:38,841 : INFO : common : YAML file schema.yaml read successfully]
[2025-04-02 20:08:38,843 : INFO : common : Directory artifacts created]
[2025-04-02 20:08:38,844 : INFO : common : Directory artifacts/data_transformation created]
[2025-04-02 20:09:09,701 : INFO : common : Directory artifacts/data_transformation\train.csv created]
[2025-04-02 20:09:09,949 : INFO : common : Directory artifacts/data_transformation\test.csv created]
[2025-04-02 20:10:00,018 : INFO : common : YAML file config\config.yaml read successfully]
[2025-04-02 20:10:00,021 : INFO : common : YAML file params.yaml read successfully]
[2025-04-02 20:10:00,024 : INFO : common : YAML file schema.yaml read successfully]
[2025-04-02 20:10:00,025 : INFO : common : Directory artifacts created]
[2025-04-02 20:10:00,026 : INFO : common : Directory artifacts/data_transformation created]
[2025-04-02 20:10:50,885 : INFO : common : YAML file config\config.yaml read successfully]
[2025-04-02 20:10:50,887 : INFO : common : YAML file params.yaml read successfully]
[2025-04-02 20:10:50,890 : INFO : common : YAML file schema.yaml read successfully]
[2025-04-02 20:10:50,975 : INFO : common : Directory artifacts created]
[2025-04-02 20:10:51,001 : INFO : common : Directory artifacts/data_transformation created]
[2025-04-02 21:11:12,752 : INFO : common : YAML file config\config.yaml read successfully]
[2025-04-02 21:11:12,780 : INFO : common : YAML file params.yaml read successfully]
[2025-04-02 21:11:12,789 : INFO : common : YAML file schema.yaml read successfully]
[2025-04-02 21:11:12,790 : INFO : common : Directory artifacts created]
[2025-04-02 21:11:12,791 : INFO : common : Directory artifacts/data_transformation created]
[2025-04-02 21:11:22,723 : INFO : common : YAML file config\config.yaml read successfully]
[2025-04-02 21:11:22,769 : INFO : common : YAML file params.yaml read successfully]
[2025-04-02 21:11:22,772 : INFO : common : YAML file schema.yaml read successfully]
[2025-04-02 21:11:22,774 : INFO : common : Directory artifacts created]
[2025-04-02 21:11:22,775 : INFO : common : Directory artifacts/data_transformation created]
[2025-04-02 21:15:41,887 : INFO : common : YAML file config\config.yaml read successfully]
[2025-04-02 21:15:41,889 : INFO : common : YAML file params.yaml read successfully]
[2025-04-02 21:15:41,892 : INFO : common : YAML file schema.yaml read successfully]
[2025-04-02 21:15:41,893 : INFO : common : Directory artifacts created]
[2025-04-02 21:15:41,895 : INFO : common : Directory artifacts/data_transformation created]
[2025-04-02 21:15:41,980 : INFO : 2151764962 : Data split into train and test datasets with shapes:
Train data shape : (1279, 12)\Test data shape : (320, 12)]
[2025-04-02 21:15:58,748 : INFO : common : YAML file config\config.yaml read successfully]
[2025-04-02 21:15:58,751 : INFO : common : YAML file params.yaml read successfully]
[2025-04-02 21:15:58,755 : INFO : common : YAML file schema.yaml read successfully]
[2025-04-02 21:15:58,757 : INFO : common : Directory artifacts created]
[2025-04-02 21:15:58,758 : INFO : common : Directory artifacts/data_transformation created]
[2025-04-02 21:15:58,814 : INFO : 4134411701 : Data split into train and test datasets with shapes:
Train data shape : (1279, 12)
Test data shape : (320, 12)]
[2025-04-02 21:26:50,418 : INFO : utils : NumExpr defaulting to 8 threads.]
[2025-04-02 21:27:08,581 : INFO : main : --------stage Data Ingestion Stage started------------]
[2025-04-02 21:27:08,613 : INFO : common : YAML file config\config.yaml read successfully]
[2025-04-02 21:27:08,638 : INFO : common : YAML file params.yaml read successfully]
[2025-04-02 21:27:08,650 : INFO : common : YAML file schema.yaml read successfully]
[2025-04-02 21:27:08,652 : INFO : common : Directory artifacts created]
[2025-04-02 21:27:08,653 : INFO : common : Directory artifacts/data_ingestion created]
[2025-04-02 21:27:10,855 : INFO : data_ingestion_component : artifacts/data_ingestion/data.zip downloaded from the url https://github.com/Abhijeeth8/datasets/raw/refs/heads/main/winequality-data.zip with headers Connection: close
Content-Length: 23329
Cache-Control: max-age=300
Content-Security-Policy: default-src 'none'; style-src 'unsafe-inline'; sandbox
Content-Type: application/zip
ETag: "c69888a4ae59bc5a893392785a938ccd4937981c06ba8a9d6a21aa52b4ab5b6e"
Strict-Transport-Security: max-age=31536000
X-Content-Type-Options: nosniff
X-Frame-Options: deny
X-XSS-Protection: 1; mode=block
X-GitHub-Request-Id: FE36:3307F8:3EEFD:51966:67EDE3EE
Accept-Ranges: bytes
Date: Thu, 03 Apr 2025 01:27:11 GMT
Via: 1.1 varnish
X-Served-By: cache-mia-kmia1760053-MIA
X-Cache: MISS
X-Cache-Hits: 0
X-Timer: S1743643631.440767,VS0,VE103
Vary: Authorization,Accept-Encoding,Origin
Access-Control-Allow-Origin: *
Cross-Origin-Resource-Policy: cross-origin
X-Fastly-Request-ID: 9b81f3171a8210e1db29e08b76ea67c2ef2197bd
Expires: Thu, 03 Apr 2025 01:32:11 GMT
Source-Age: 0

]
[2025-04-02 21:27:11,064 : INFO : common : Directory artifacts/data_ingestion created]
[2025-04-02 21:27:11,468 : INFO : main : --------stage Data Ingestion Stage completed------------]
[2025-04-02 21:27:11,469 : INFO : main : --------stage Data Validation Stage started------------]
[2025-04-02 21:27:11,471 : INFO : common : YAML file config\config.yaml read successfully]
[2025-04-02 21:27:11,471 : INFO : common : YAML file params.yaml read successfully]
[2025-04-02 21:27:11,474 : INFO : common : YAML file schema.yaml read successfully]
[2025-04-02 21:27:11,475 : INFO : common : Directory artifacts created]
[2025-04-02 21:27:11,475 : INFO : common : Directory artifacts/data_validation created]
[2025-04-02 21:27:12,550 : INFO : data_validation_pipeline : Is the data valid : True]
[2025-04-02 21:27:12,551 : INFO : main : --------stage Data Validation Stage completed------------]
[2025-04-02 21:27:12,551 : INFO : main : --------stage Data Transformation Stage started------------]
[2025-04-02 21:27:12,552 : INFO : main : --------stage Data Transformation Stage completed------------]
[2025-04-02 21:29:12,840 : INFO : utils : NumExpr defaulting to 8 threads.]
[2025-04-02 21:29:13,893 : INFO : main : --------stage Data Ingestion Stage started------------]
[2025-04-02 21:29:13,895 : INFO : common : YAML file config\config.yaml read successfully]
[2025-04-02 21:29:13,924 : INFO : common : YAML file params.yaml read successfully]
[2025-04-02 21:29:13,925 : INFO : common : YAML file schema.yaml read successfully]
[2025-04-02 21:29:13,926 : INFO : common : Directory artifacts created]
[2025-04-02 21:29:13,927 : INFO : common : Directory artifacts/data_ingestion created]
[2025-04-02 21:29:14,488 : INFO : data_ingestion_component : artifacts/data_ingestion/data.zip downloaded from the url https://github.com/Abhijeeth8/datasets/raw/refs/heads/main/winequality-data.zip with headers Connection: close
Content-Length: 23329
Cache-Control: max-age=300
Content-Security-Policy: default-src 'none'; style-src 'unsafe-inline'; sandbox
Content-Type: application/zip
ETag: "c69888a4ae59bc5a893392785a938ccd4937981c06ba8a9d6a21aa52b4ab5b6e"
Strict-Transport-Security: max-age=31536000
X-Content-Type-Options: nosniff
X-Frame-Options: deny
X-XSS-Protection: 1; mode=block
X-GitHub-Request-Id: FE36:3307F8:3EEFD:51966:67EDE3EE
Accept-Ranges: bytes
Date: Thu, 03 Apr 2025 01:29:15 GMT
Via: 1.1 varnish
X-Served-By: cache-mia-kmia1760086-MIA
X-Cache: HIT
X-Cache-Hits: 0
X-Timer: S1743643755.235910,VS0,VE4
Vary: Authorization,Accept-Encoding,Origin
Access-Control-Allow-Origin: *
Cross-Origin-Resource-Policy: cross-origin
X-Fastly-Request-ID: 4abbe7ab1bbf95e4ca52c3b17b7bea08f1b094e1
Expires: Thu, 03 Apr 2025 01:34:15 GMT
Source-Age: 124

]
[2025-04-02 21:29:14,490 : INFO : common : Directory artifacts/data_ingestion created]
[2025-04-02 21:29:14,502 : INFO : main : --------stage Data Ingestion Stage completed------------]
[2025-04-02 21:29:14,502 : INFO : main : --------stage Data Validation Stage started------------]
[2025-04-02 21:29:14,503 : INFO : common : YAML file config\config.yaml read successfully]
[2025-04-02 21:29:14,504 : INFO : common : YAML file params.yaml read successfully]
[2025-04-02 21:29:14,506 : INFO : common : YAML file schema.yaml read successfully]
[2025-04-02 21:29:14,507 : INFO : common : Directory artifacts created]
[2025-04-02 21:29:14,507 : INFO : common : Directory artifacts/data_validation created]
[2025-04-02 21:29:14,528 : INFO : data_validation_pipeline : Is the data valid : True]
[2025-04-02 21:29:14,528 : INFO : main : --------stage Data Validation Stage completed------------]
[2025-04-02 21:29:14,529 : INFO : main : --------stage Data Transformation Stage started------------]
[2025-04-02 21:29:14,530 : INFO : common : YAML file config\config.yaml read successfully]
[2025-04-02 21:29:14,531 : INFO : common : YAML file params.yaml read successfully]
[2025-04-02 21:29:14,533 : INFO : common : YAML file schema.yaml read successfully]
[2025-04-02 21:29:14,534 : INFO : common : Directory artifacts created]
[2025-04-02 21:29:14,535 : INFO : common : Directory artifacts/data_transformation created]
[2025-04-02 21:29:15,187 : INFO : data_transformation_component : Data split into train and test datasets with shapes:
Train data shape : (1279, 12)
Test data shape : (320, 12)]
[2025-04-02 21:29:15,216 : INFO : main : --------stage Data Transformation Stage completed------------]
[2025-04-02 22:11:42,892 : INFO : common : YAML file config\config.yaml read successfully]
[2025-04-02 22:11:42,931 : INFO : common : YAML file params.yaml read successfully]
[2025-04-02 22:11:42,934 : INFO : common : YAML file schema.yaml read successfully]
[2025-04-02 22:12:20,388 : INFO : common : YAML file config\config.yaml read successfully]
[2025-04-02 22:12:20,390 : INFO : common : YAML file params.yaml read successfully]
[2025-04-02 22:12:20,393 : INFO : common : YAML file schema.yaml read successfully]
[2025-04-02 22:12:20,395 : INFO : common : Directory artifacts created]
[2025-04-02 22:12:20,397 : INFO : common : Directory artifacts/model_training created]
[2025-04-02 22:19:42,262 : INFO : utils : NumExpr defaulting to 8 threads.]
[2025-04-02 22:20:56,132 : INFO : utils : NumExpr defaulting to 8 threads.]
[2025-04-02 22:20:58,031 : INFO : main : --------stage Data Ingestion Stage started------------]
[2025-04-02 22:20:58,082 : INFO : common : YAML file config\config.yaml read successfully]
[2025-04-02 22:20:58,112 : INFO : common : YAML file params.yaml read successfully]
[2025-04-02 22:20:58,114 : INFO : common : YAML file schema.yaml read successfully]
[2025-04-02 22:20:58,118 : INFO : common : Directory artifacts created]
[2025-04-02 22:20:58,118 : INFO : common : Directory artifacts/data_ingestion created]
[2025-04-02 22:20:59,782 : INFO : data_ingestion_component : artifacts/data_ingestion/data.zip downloaded from the url https://github.com/Abhijeeth8/datasets/raw/refs/heads/main/winequality-data.zip with headers Connection: close
Content-Length: 23329
Cache-Control: max-age=300
Content-Security-Policy: default-src 'none'; style-src 'unsafe-inline'; sandbox
Content-Type: application/zip
ETag: "c69888a4ae59bc5a893392785a938ccd4937981c06ba8a9d6a21aa52b4ab5b6e"
Strict-Transport-Security: max-age=31536000
X-Content-Type-Options: nosniff
X-Frame-Options: deny
X-XSS-Protection: 1; mode=block
X-GitHub-Request-Id: FE36:3307F8:3EEFD:51966:67EDE3EE
Accept-Ranges: bytes
Date: Thu, 03 Apr 2025 02:21:00 GMT
Via: 1.1 varnish
X-Served-By: cache-mia-kmia1760046-MIA
X-Cache: HIT
X-Cache-Hits: 0
X-Timer: S1743646860.392644,VS0,VE82
Vary: Authorization,Accept-Encoding,Origin
Access-Control-Allow-Origin: *
Cross-Origin-Resource-Policy: cross-origin
X-Fastly-Request-ID: 1cda426890b0193888a6a40fc82a20d90db9388d
Expires: Thu, 03 Apr 2025 02:26:00 GMT
Source-Age: 0

]
[2025-04-02 22:20:59,785 : INFO : common : Directory artifacts/data_ingestion created]
[2025-04-02 22:21:00,857 : INFO : main : --------stage Data Ingestion Stage completed------------]
[2025-04-02 22:21:00,858 : INFO : main : --------stage Data Validation Stage started------------]
[2025-04-02 22:21:00,860 : INFO : common : YAML file config\config.yaml read successfully]
[2025-04-02 22:21:00,861 : INFO : common : YAML file params.yaml read successfully]
[2025-04-02 22:21:00,863 : INFO : common : YAML file schema.yaml read successfully]
[2025-04-02 22:21:00,864 : INFO : common : Directory artifacts created]
[2025-04-02 22:21:00,865 : INFO : common : Directory artifacts/data_validation created]
[2025-04-02 22:21:01,268 : INFO : data_validation_pipeline : Is the data valid : True]
[2025-04-02 22:21:01,268 : INFO : main : --------stage Data Validation Stage completed------------]
[2025-04-02 22:21:01,737 : INFO : main : --------stage Data Transformation Stage started------------]
[2025-04-02 22:21:01,739 : INFO : common : YAML file config\config.yaml read successfully]
[2025-04-02 22:21:01,740 : INFO : common : YAML file params.yaml read successfully]
[2025-04-02 22:21:01,741 : INFO : common : YAML file schema.yaml read successfully]
[2025-04-02 22:21:01,742 : INFO : common : Directory artifacts created]
[2025-04-02 22:21:01,744 : INFO : common : Directory artifacts/data_transformation created]
[2025-04-02 22:21:02,124 : INFO : data_transformation_component : Data split into train and test datasets with shapes:
Train data shape : (1279, 12)
Test data shape : (320, 12)]
[2025-04-02 22:21:02,147 : INFO : main : --------stage Data Transformation Stage completed------------]
[2025-04-02 22:21:02,147 : INFO : main : --------stage Model Training Stage started------------]
[2025-04-02 22:21:02,150 : INFO : common : YAML file config\config.yaml read successfully]
[2025-04-02 22:21:02,151 : INFO : common : YAML file params.yaml read successfully]
[2025-04-02 22:21:02,152 : INFO : common : YAML file schema.yaml read successfully]
[2025-04-02 22:21:02,153 : INFO : common : Directory artifacts created]
[2025-04-02 22:21:02,154 : INFO : common : Directory artifacts/model_training created]
[2025-04-02 22:21:02,483 : INFO : main : --------stage Model Training Stage completed------------]
[2025-04-03 00:01:07,445 : INFO : common : YAML file config\config.yaml read successfully]
[2025-04-03 00:01:07,832 : INFO : common : YAML file params.yaml read successfully]
[2025-04-03 00:01:07,873 : INFO : common : YAML file schema.yaml read successfully]
[2025-04-03 00:01:07,978 : INFO : common : Directory artifacts created]
[2025-04-03 00:01:08,010 : INFO : common : Directory artifacts/model_evaluation created]
[2025-04-03 00:01:51,911 : INFO : common : YAML file config\config.yaml read successfully]
[2025-04-03 00:01:51,913 : INFO : common : YAML file params.yaml read successfully]
[2025-04-03 00:01:51,951 : INFO : common : YAML file schema.yaml read successfully]
[2025-04-03 00:01:51,989 : INFO : common : Directory artifacts created]
[2025-04-03 00:01:51,990 : INFO : common : Directory artifacts/model_evaluation created]
[2025-04-03 00:02:49,996 : INFO : common : YAML file config\config.yaml read successfully]
[2025-04-03 00:02:49,998 : INFO : common : YAML file params.yaml read successfully]
[2025-04-03 00:02:50,003 : INFO : common : YAML file schema.yaml read successfully]
[2025-04-03 00:02:50,005 : INFO : common : Directory artifacts created]
[2025-04-03 00:02:50,007 : INFO : common : Directory artifacts/model_evaluation created]
[2025-04-03 00:04:07,249 : INFO : common : YAML file config\config.yaml read successfully]
[2025-04-03 00:04:07,250 : INFO : common : YAML file params.yaml read successfully]
[2025-04-03 00:04:07,253 : INFO : common : YAML file schema.yaml read successfully]
[2025-04-03 00:04:07,254 : INFO : common : Directory artifacts created]
[2025-04-03 00:04:07,256 : INFO : common : Directory artifacts/model_evaluation created]
[2025-04-03 00:06:01,504 : INFO : common : YAML file config\config.yaml read successfully]
[2025-04-03 00:06:01,601 : INFO : common : YAML file params.yaml read successfully]
[2025-04-03 00:06:01,605 : INFO : common : YAML file schema.yaml read successfully]
[2025-04-03 00:06:01,629 : INFO : common : Directory artifacts created]
[2025-04-03 00:06:01,631 : INFO : common : Directory artifacts/model_evaluation created]
[2025-04-03 00:06:59,357 : INFO : common : YAML file config\config.yaml read successfully]
[2025-04-03 00:06:59,360 : INFO : common : YAML file params.yaml read successfully]
[2025-04-03 00:06:59,363 : INFO : common : YAML file schema.yaml read successfully]
[2025-04-03 00:06:59,364 : INFO : common : Directory artifacts created]
[2025-04-03 00:06:59,366 : INFO : common : Directory artifacts/model_evaluation created]
[2025-04-03 00:09:51,607 : INFO : common : YAML file config\config.yaml read successfully]
[2025-04-03 00:09:51,609 : INFO : common : YAML file params.yaml read successfully]
[2025-04-03 00:09:51,611 : INFO : common : YAML file schema.yaml read successfully]
[2025-04-03 00:09:51,612 : INFO : common : Directory artifacts created]
[2025-04-03 00:09:51,614 : INFO : common : Directory artifacts/model_evaluation created]
[2025-04-03 00:10:50,141 : INFO : common : YAML file config\config.yaml read successfully]
[2025-04-03 00:10:50,144 : INFO : common : YAML file params.yaml read successfully]
[2025-04-03 00:10:50,147 : INFO : common : YAML file schema.yaml read successfully]
[2025-04-03 00:10:50,149 : INFO : common : Directory artifacts created]
[2025-04-03 00:10:50,150 : INFO : common : Directory artifacts/model_evaluation created]
[2025-04-03 00:12:19,914 : INFO : common : YAML file config\config.yaml read successfully]
[2025-04-03 00:12:19,915 : INFO : common : YAML file params.yaml read successfully]
[2025-04-03 00:12:19,930 : INFO : common : YAML file schema.yaml read successfully]
[2025-04-03 00:12:19,932 : INFO : common : Directory artifacts created]
[2025-04-03 00:12:19,934 : INFO : common : Directory artifacts/model_evaluation created]
[2025-04-03 00:12:20,047 : INFO : common : Given json data saved to file artifacts\model_evaluation\metrics.json]
[2025-04-03 00:13:08,127 : INFO : common : YAML file config\config.yaml read successfully]
[2025-04-03 00:13:08,129 : INFO : common : YAML file params.yaml read successfully]
[2025-04-03 00:13:08,131 : INFO : common : YAML file schema.yaml read successfully]
[2025-04-03 00:13:08,133 : INFO : common : Directory artifacts created]
[2025-04-03 00:13:08,134 : INFO : common : Directory artifacts/model_evaluation created]
[2025-04-03 00:13:08,212 : INFO : common : Given json data saved to file artifacts\model_evaluation\metrics.json]
[2025-04-03 00:13:55,924 : INFO : common : YAML file config\config.yaml read successfully]
[2025-04-03 00:13:55,927 : INFO : common : YAML file params.yaml read successfully]
[2025-04-03 00:13:55,930 : INFO : common : YAML file schema.yaml read successfully]
[2025-04-03 00:13:55,932 : INFO : common : Directory artifacts created]
[2025-04-03 00:13:55,934 : INFO : common : Directory artifacts/model_evaluation created]
[2025-04-03 00:13:55,942 : INFO : common : Given json data saved to file artifacts\model_evaluation\metrics.json]
[2025-04-03 00:14:07,741 : INFO : common : YAML file config\config.yaml read successfully]
[2025-04-03 00:14:07,743 : INFO : common : YAML file params.yaml read successfully]
[2025-04-03 00:14:07,747 : INFO : common : YAML file schema.yaml read successfully]
[2025-04-03 00:14:07,748 : INFO : common : Directory artifacts created]
[2025-04-03 00:14:07,749 : INFO : common : Directory artifacts/model_evaluation created]
[2025-04-03 00:14:07,758 : INFO : common : Given json data saved to file artifacts\model_evaluation\metrics.json]
[2025-04-03 00:16:05,065 : INFO : common : YAML file config\config.yaml read successfully]
[2025-04-03 00:16:05,067 : INFO : common : YAML file params.yaml read successfully]
[2025-04-03 00:16:05,069 : INFO : common : YAML file schema.yaml read successfully]
[2025-04-03 00:16:05,213 : INFO : common : Directory artifacts created]
[2025-04-03 00:16:05,215 : INFO : common : Directory artifacts/model_evaluation created]
[2025-04-03 00:16:05,230 : INFO : common : Given json data saved to file artifacts\model_evaluation\metrics.json]
[2025-04-03 00:16:49,738 : INFO : common : YAML file config\config.yaml read successfully]
[2025-04-03 00:16:49,741 : INFO : common : YAML file params.yaml read successfully]
[2025-04-03 00:16:49,745 : INFO : common : YAML file schema.yaml read successfully]
[2025-04-03 00:16:49,746 : INFO : common : Directory artifacts created]
[2025-04-03 00:16:49,747 : INFO : common : Directory artifacts/model_evaluation created]
[2025-04-03 00:16:49,761 : INFO : common : Given json data saved to file artifacts\model_evaluation\metrics.json]
[2025-04-03 00:22:33,377 : INFO : common : YAML file config\config.yaml read successfully]
[2025-04-03 00:22:33,379 : INFO : common : YAML file params.yaml read successfully]
[2025-04-03 00:22:33,382 : INFO : common : YAML file schema.yaml read successfully]
[2025-04-03 00:22:33,383 : INFO : common : Directory artifacts created]
[2025-04-03 00:22:33,385 : INFO : common : Directory artifacts/model_evaluation created]
[2025-04-03 00:22:33,826 : INFO : common : Given json data saved to file artifacts\model_evaluation\metrics.json]
[2025-04-03 00:22:44,088 : INFO : common : YAML file config\config.yaml read successfully]
[2025-04-03 00:22:44,091 : INFO : common : YAML file params.yaml read successfully]
[2025-04-03 00:22:44,094 : INFO : common : YAML file schema.yaml read successfully]
[2025-04-03 00:22:44,095 : INFO : common : Directory artifacts created]
[2025-04-03 00:22:44,097 : INFO : common : Directory artifacts/model_evaluation created]
[2025-04-03 00:22:44,107 : INFO : common : Given json data saved to file artifacts\model_evaluation\metrics.json]
[2025-04-03 00:27:09,218 : INFO : common : YAML file config\config.yaml read successfully]
[2025-04-03 00:27:09,220 : INFO : common : YAML file params.yaml read successfully]
[2025-04-03 00:27:09,222 : INFO : common : YAML file schema.yaml read successfully]
[2025-04-03 00:27:09,224 : INFO : common : Directory artifacts created]
[2025-04-03 00:27:09,226 : INFO : common : Directory artifacts/model_evaluation created]
[2025-04-03 00:27:09,256 : INFO : common : Given json data saved to file artifacts\model_evaluation\metrics.json]
[2025-04-03 00:34:32,150 : INFO : common : YAML file config\config.yaml read successfully]
[2025-04-03 00:34:32,153 : INFO : common : YAML file params.yaml read successfully]
[2025-04-03 00:34:32,185 : INFO : common : YAML file schema.yaml read successfully]
[2025-04-03 00:34:32,216 : INFO : common : Directory artifacts created]
[2025-04-03 00:34:32,217 : INFO : common : Directory artifacts/model_evaluation created]
[2025-04-03 00:34:32,288 : INFO : common : Given json data saved to file artifacts\model_evaluation\metrics.json]
[2025-04-03 00:50:34,767 : INFO : utils : NumExpr defaulting to 8 threads.]
[2025-04-03 00:51:44,673 : INFO : main : --------stage Data Ingestion Stage started------------]
[2025-04-03 00:51:44,754 : INFO : common : YAML file config\config.yaml read successfully]
[2025-04-03 00:51:44,782 : INFO : common : YAML file params.yaml read successfully]
[2025-04-03 00:51:44,783 : INFO : common : YAML file schema.yaml read successfully]
[2025-04-03 00:51:44,785 : INFO : common : Directory artifacts created]
[2025-04-03 00:51:44,786 : INFO : common : Directory artifacts/data_ingestion created]
[2025-04-03 00:51:46,023 : INFO : data_ingestion_component : artifacts/data_ingestion/data.zip downloaded from the url https://github.com/Abhijeeth8/datasets/raw/refs/heads/main/winequality-data.zip with headers Connection: close
Content-Length: 23329
Cache-Control: max-age=300
Content-Security-Policy: default-src 'none'; style-src 'unsafe-inline'; sandbox
Content-Type: application/zip
ETag: "c69888a4ae59bc5a893392785a938ccd4937981c06ba8a9d6a21aa52b4ab5b6e"
Strict-Transport-Security: max-age=31536000
X-Content-Type-Options: nosniff
X-Frame-Options: deny
X-XSS-Protection: 1; mode=block
X-GitHub-Request-Id: 98F7:34216C:2250:3213:67EE13E2
Accept-Ranges: bytes
Date: Thu, 03 Apr 2025 04:51:46 GMT
Via: 1.1 varnish
X-Served-By: cache-mia-kmia1760057-MIA
X-Cache: MISS
X-Cache-Hits: 0
X-Timer: S1743655907.651374,VS0,VE104
Vary: Authorization,Accept-Encoding,Origin
Access-Control-Allow-Origin: *
Cross-Origin-Resource-Policy: cross-origin
X-Fastly-Request-ID: 471afef1cca51e953dd35a69f83eb6f1b501d4c1
Expires: Thu, 03 Apr 2025 04:56:46 GMT
Source-Age: 0

]
[2025-04-03 00:51:46,079 : INFO : common : Directory artifacts/data_ingestion created]
[2025-04-03 00:51:47,012 : INFO : main : --------stage Data Ingestion Stage completed------------]
[2025-04-03 00:51:47,012 : INFO : main : --------stage Data Validation Stage started------------]
[2025-04-03 00:51:47,014 : INFO : common : YAML file config\config.yaml read successfully]
[2025-04-03 00:51:47,015 : INFO : common : YAML file params.yaml read successfully]
[2025-04-03 00:51:47,017 : INFO : common : YAML file schema.yaml read successfully]
[2025-04-03 00:51:47,018 : INFO : common : Directory artifacts created]
[2025-04-03 00:51:47,018 : INFO : common : Directory artifacts/data_validation created]
[2025-04-03 00:51:47,463 : INFO : data_validation_pipeline : Is the data valid : True]
[2025-04-03 00:51:47,463 : INFO : main : --------stage Data Validation Stage completed------------]
[2025-04-03 00:51:47,464 : INFO : main : --------stage Data Transformation Stage started------------]
[2025-04-03 00:51:47,467 : INFO : common : YAML file config\config.yaml read successfully]
[2025-04-03 00:51:47,468 : INFO : common : YAML file params.yaml read successfully]
[2025-04-03 00:51:47,469 : INFO : common : YAML file schema.yaml read successfully]
[2025-04-03 00:51:47,470 : INFO : common : Directory artifacts created]
[2025-04-03 00:51:47,472 : INFO : common : Directory artifacts/data_transformation created]
[2025-04-03 00:51:47,856 : INFO : data_transformation_component : Data split into train and test datasets with shapes:
Train data shape : (1279, 12)
Test data shape : (320, 12)]
[2025-04-03 00:51:47,868 : INFO : main : --------stage Data Transformation Stage completed------------]
[2025-04-03 00:51:47,868 : INFO : main : --------stage Model Training Stage started------------]
[2025-04-03 00:51:47,871 : INFO : common : YAML file config\config.yaml read successfully]
[2025-04-03 00:51:47,872 : INFO : common : YAML file params.yaml read successfully]
[2025-04-03 00:51:47,875 : INFO : common : YAML file schema.yaml read successfully]
[2025-04-03 00:51:47,876 : INFO : common : Directory artifacts created]
[2025-04-03 00:51:47,877 : INFO : common : Directory artifacts/model_training created]
[2025-04-03 00:51:48,633 : INFO : main : --------stage Model Training Stage completed------------]
[2025-04-03 00:51:48,634 : INFO : main : --------stage Model Evaluation Stage started------------]
[2025-04-03 00:51:48,636 : INFO : common : YAML file config\config.yaml read successfully]
[2025-04-03 00:51:48,637 : INFO : common : YAML file params.yaml read successfully]
[2025-04-03 00:51:48,639 : INFO : common : YAML file schema.yaml read successfully]
[2025-04-03 00:51:48,640 : INFO : common : Directory artifacts created]
[2025-04-03 00:51:48,640 : INFO : common : Directory artifacts/model_evaluation created]
[2025-04-03 01:31:17,100 : INFO : utils : NumExpr defaulting to 8 threads.]
[2025-04-03 01:31:48,360 : INFO : main : --------stage Data Ingestion Stage started------------]
[2025-04-03 01:31:48,386 : INFO : common : YAML file config\config.yaml read successfully]
[2025-04-03 01:31:48,410 : INFO : common : YAML file params.yaml read successfully]
[2025-04-03 01:31:48,412 : INFO : common : YAML file schema.yaml read successfully]
[2025-04-03 01:31:48,413 : INFO : common : Directory artifacts created]
[2025-04-03 01:31:48,414 : INFO : common : Directory artifacts/data_ingestion created]
[2025-04-03 01:31:48,427 : INFO : data_ingestion_component : File already exists]
[2025-04-03 01:31:48,427 : INFO : common : Directory artifacts/data_ingestion created]
[2025-04-03 01:31:48,499 : INFO : main : --------stage Data Ingestion Stage completed------------]
[2025-04-03 01:31:48,499 : INFO : main : --------stage Data Validation Stage started------------]
[2025-04-03 01:31:48,501 : INFO : common : YAML file config\config.yaml read successfully]
[2025-04-03 01:31:48,502 : INFO : common : YAML file params.yaml read successfully]
[2025-04-03 01:31:48,504 : INFO : common : YAML file schema.yaml read successfully]
[2025-04-03 01:31:48,505 : INFO : common : Directory artifacts created]
[2025-04-03 01:31:48,505 : INFO : common : Directory artifacts/data_validation created]
[2025-04-03 01:31:48,939 : INFO : data_validation_pipeline : Is the data valid : True]
[2025-04-03 01:31:48,940 : INFO : main : --------stage Data Validation Stage completed------------]
[2025-04-03 01:31:48,959 : INFO : main : --------stage Data Transformation Stage started------------]
[2025-04-03 01:31:48,961 : INFO : common : YAML file config\config.yaml read successfully]
[2025-04-03 01:31:48,963 : INFO : common : YAML file params.yaml read successfully]
[2025-04-03 01:31:48,964 : INFO : common : YAML file schema.yaml read successfully]
[2025-04-03 01:31:48,965 : INFO : common : Directory artifacts created]
[2025-04-03 01:31:48,965 : INFO : common : Directory artifacts/data_transformation created]
[2025-04-03 01:31:49,243 : INFO : data_transformation_component : Data split into train and test datasets with shapes:
Train data shape : (1279, 12)
Test data shape : (320, 12)]
[2025-04-03 01:31:49,255 : INFO : main : --------stage Data Transformation Stage completed------------]
[2025-04-03 01:31:49,255 : INFO : main : --------stage Model Training Stage started------------]
[2025-04-03 01:31:49,258 : INFO : common : YAML file config\config.yaml read successfully]
[2025-04-03 01:31:49,260 : INFO : common : YAML file params.yaml read successfully]
[2025-04-03 01:31:49,262 : INFO : common : YAML file schema.yaml read successfully]
[2025-04-03 01:31:49,263 : INFO : common : Directory artifacts created]
[2025-04-03 01:31:49,264 : INFO : common : Directory artifacts/model_training created]
[2025-04-03 01:31:49,835 : INFO : main : --------stage Model Training Stage completed------------]
[2025-04-03 01:31:49,835 : INFO : main : --------stage Model Evaluation Stage started------------]
[2025-04-03 01:31:49,838 : INFO : common : YAML file config\config.yaml read successfully]
[2025-04-03 01:31:49,839 : INFO : common : YAML file params.yaml read successfully]
[2025-04-03 01:31:49,840 : INFO : common : YAML file schema.yaml read successfully]
[2025-04-03 01:31:49,841 : INFO : common : Directory artifacts created]
[2025-04-03 01:31:49,841 : INFO : common : Directory artifacts/model_evaluation created]
[2025-04-03 01:31:50,091 : INFO : common : Given json data saved to file artifacts\model_evaluation\metrics.json]
[2025-04-03 01:34:02,927 : INFO : main : --------stage Model Evaluation Stage completed------------]
[2025-04-03 01:37:29,580 : INFO : utils : NumExpr defaulting to 8 threads.]
[2025-04-03 01:37:34,056 : INFO : main : --------stage Data Ingestion Stage started------------]
[2025-04-03 01:37:34,164 : INFO : common : YAML file config\config.yaml read successfully]
[2025-04-03 01:37:34,165 : INFO : common : YAML file params.yaml read successfully]
[2025-04-03 01:37:34,166 : INFO : common : YAML file schema.yaml read successfully]
[2025-04-03 01:37:34,166 : INFO : common : Directory artifacts created]
[2025-04-03 01:37:34,167 : INFO : common : Directory artifacts/data_ingestion created]
[2025-04-03 01:37:35,862 : INFO : data_ingestion_component : artifacts/data_ingestion/data.zip downloaded from the url https://github.com/Abhijeeth8/datasets/raw/refs/heads/main/winequality-data.zip with headers Connection: close
Content-Length: 23329
Cache-Control: max-age=300
Content-Security-Policy: default-src 'none'; style-src 'unsafe-inline'; sandbox
Content-Type: application/zip
ETag: "c69888a4ae59bc5a893392785a938ccd4937981c06ba8a9d6a21aa52b4ab5b6e"
Strict-Transport-Security: max-age=31536000
X-Content-Type-Options: nosniff
X-Frame-Options: deny
X-XSS-Protection: 1; mode=block
X-GitHub-Request-Id: 98F7:34216C:2250:3213:67EE13E2
Accept-Ranges: bytes
Date: Thu, 03 Apr 2025 05:37:36 GMT
Via: 1.1 varnish
X-Served-By: cache-mia-kmia1760051-MIA
X-Cache: HIT
X-Cache-Hits: 0
X-Timer: S1743658656.355350,VS0,VE117
Vary: Authorization,Accept-Encoding,Origin
Access-Control-Allow-Origin: *
Cross-Origin-Resource-Policy: cross-origin
X-Fastly-Request-ID: d149750a594101351ee2c96b66319d8e5b19efc7
Expires: Thu, 03 Apr 2025 05:42:36 GMT
Source-Age: 0

]
[2025-04-03 01:37:35,936 : INFO : common : Directory artifacts/data_ingestion created]
[2025-04-03 01:37:36,296 : INFO : main : --------stage Data Ingestion Stage completed------------]
[2025-04-03 01:37:36,297 : INFO : main : --------stage Data Validation Stage started------------]
[2025-04-03 01:37:36,299 : INFO : common : YAML file config\config.yaml read successfully]
[2025-04-03 01:37:36,300 : INFO : common : YAML file params.yaml read successfully]
[2025-04-03 01:37:36,302 : INFO : common : YAML file schema.yaml read successfully]
[2025-04-03 01:37:36,303 : INFO : common : Directory artifacts created]
[2025-04-03 01:37:36,304 : INFO : common : Directory artifacts/data_validation created]
[2025-04-03 01:37:36,410 : INFO : data_validation_pipeline : Is the data valid : True]
[2025-04-03 01:37:36,411 : INFO : main : --------stage Data Validation Stage completed------------]
[2025-04-03 01:37:36,411 : INFO : main : --------stage Data Transformation Stage started------------]
[2025-04-03 01:37:36,419 : INFO : common : YAML file config\config.yaml read successfully]
[2025-04-03 01:37:36,426 : INFO : common : YAML file params.yaml read successfully]
[2025-04-03 01:37:36,429 : INFO : common : YAML file schema.yaml read successfully]
[2025-04-03 01:37:36,431 : INFO : common : Directory artifacts created]
[2025-04-03 01:37:36,433 : INFO : common : Directory artifacts/data_transformation created]
[2025-04-03 01:37:36,974 : INFO : data_transformation_component : Data split into train and test datasets with shapes:
Train data shape : (1279, 12)
Test data shape : (320, 12)]
[2025-04-03 01:37:36,975 : INFO : main : --------stage Data Transformation Stage completed------------]
[2025-04-03 01:37:36,976 : INFO : main : --------stage Model Training Stage started------------]
[2025-04-03 01:37:37,010 : INFO : common : YAML file config\config.yaml read successfully]
[2025-04-03 01:37:37,011 : INFO : common : YAML file params.yaml read successfully]
[2025-04-03 01:37:37,014 : INFO : common : YAML file schema.yaml read successfully]
[2025-04-03 01:37:37,017 : INFO : common : Directory artifacts created]
[2025-04-03 01:37:37,018 : INFO : common : Directory artifacts/model_training created]
[2025-04-03 01:37:37,104 : INFO : main : --------stage Model Training Stage completed------------]
[2025-04-03 01:37:37,105 : INFO : main : --------stage Model Evaluation Stage started------------]
[2025-04-03 01:37:37,108 : INFO : common : YAML file config\config.yaml read successfully]
[2025-04-03 01:37:37,109 : INFO : common : YAML file params.yaml read successfully]
[2025-04-03 01:37:37,111 : INFO : common : YAML file schema.yaml read successfully]
[2025-04-03 01:37:37,113 : INFO : common : Directory artifacts created]
[2025-04-03 01:37:37,113 : INFO : common : Directory artifacts/model_evaluation created]
[2025-04-03 01:37:37,244 : INFO : common : Given json data saved to file artifacts\model_evaluation\metrics.json]
[2025-04-03 01:38:21,705 : INFO : main : --------stage Model Evaluation Stage completed------------]
[2025-04-03 01:42:02,324 : INFO : common : YAML file config\config.yaml read successfully]
[2025-04-03 01:42:02,358 : INFO : common : YAML file params.yaml read successfully]
[2025-04-03 01:42:02,391 : INFO : common : YAML file schema.yaml read successfully]
[2025-04-03 01:42:02,393 : INFO : common : Directory artifacts created]
[2025-04-03 01:42:02,394 : INFO : common : Directory artifacts/model_evaluation created]
[2025-04-03 01:42:03,155 : INFO : common : Given json data saved to file artifacts\model_evaluation\metrics.json]
[2025-04-03 01:43:18,209 : INFO : common : YAML file config\config.yaml read successfully]
[2025-04-03 01:43:18,263 : INFO : common : YAML file params.yaml read successfully]
[2025-04-03 01:43:18,265 : INFO : common : YAML file schema.yaml read successfully]
[2025-04-03 01:43:18,267 : INFO : common : Directory artifacts created]
[2025-04-03 01:43:18,268 : INFO : common : Directory artifacts/model_evaluation created]
[2025-04-03 01:43:18,306 : INFO : common : Given json data saved to file artifacts\model_evaluation\metrics.json]
[2025-04-03 01:44:57,053 : INFO : common : YAML file config\config.yaml read successfully]
[2025-04-03 01:44:57,056 : INFO : common : YAML file params.yaml read successfully]
[2025-04-03 01:44:57,059 : INFO : common : YAML file schema.yaml read successfully]
[2025-04-03 01:44:57,061 : INFO : common : Directory artifacts created]
[2025-04-03 01:44:57,062 : INFO : common : Directory artifacts/model_evaluation created]
[2025-04-03 01:45:43,950 : INFO : common : YAML file config\config.yaml read successfully]
[2025-04-03 01:45:43,952 : INFO : common : YAML file params.yaml read successfully]
[2025-04-03 01:45:43,955 : INFO : common : YAML file schema.yaml read successfully]
[2025-04-03 01:45:43,956 : INFO : common : Directory artifacts created]
[2025-04-03 01:45:43,957 : INFO : common : Directory artifacts/model_evaluation created]
[2025-04-03 01:45:43,966 : INFO : common : Given json data saved to file artifacts\model_evaluation\metrics.json]
[2025-04-03 01:46:33,135 : INFO : common : YAML file config\config.yaml read successfully]
[2025-04-03 01:46:33,137 : INFO : common : YAML file params.yaml read successfully]
[2025-04-03 01:46:33,140 : INFO : common : YAML file schema.yaml read successfully]
[2025-04-03 01:46:33,141 : INFO : common : Directory artifacts created]
[2025-04-03 01:46:33,143 : INFO : common : Directory artifacts/model_evaluation created]
[2025-04-03 01:46:33,152 : INFO : common : Given json data saved to file artifacts\model_evaluation\metrics.json]
[2025-04-03 01:47:40,014 : INFO : common : YAML file config\config.yaml read successfully]
[2025-04-03 01:47:40,017 : INFO : common : YAML file params.yaml read successfully]
[2025-04-03 01:47:40,021 : INFO : common : YAML file schema.yaml read successfully]
[2025-04-03 01:47:40,022 : INFO : common : Directory artifacts created]
[2025-04-03 01:47:40,023 : INFO : common : Directory artifacts/model_evaluation created]
[2025-04-03 01:47:40,134 : INFO : common : Given json data saved to file artifacts\model_evaluation\metrics.json]
[2025-04-03 02:24:44,058 : INFO : _internal : [31m[1mWARNING: This is a development server. Do not use it in a production deployment. Use a production WSGI server instead.[0m
 * Running on all addresses (0.0.0.0)
 * Running on http://127.0.0.1:5001
 * Running on http://192.168.1.192:5001]
[2025-04-03 02:24:44,104 : INFO : _internal : [33mPress CTRL+C to quit[0m]
[2025-04-03 02:24:45,530 : INFO : _internal :  * Restarting with watchdog (windowsapi)]
[2025-04-03 02:24:52,870 : WARNING : _internal :  * Debugger is active!]
[2025-04-03 02:24:53,419 : INFO : _internal :  * Debugger PIN: 544-934-497]
[2025-04-03 02:26:19,564 : INFO : _internal : 127.0.0.1 - - [03/Apr/2025 02:26:19] "[33mGET / HTTP/1.1[0m" 404 -]
[2025-04-03 02:26:22,232 : INFO : _internal : 127.0.0.1 - - [03/Apr/2025 02:26:22] "[33mGET /favicon.ico HTTP/1.1[0m" 404 -]
[2025-04-03 02:30:12,374 : INFO : _internal :  * Detected change in 'D:\\anaconda3\\Lib\\site-packages\\flask\\app.py', reloading]
[2025-04-03 02:30:13,047 : INFO : _internal :  * Detected change in 'D:\\anaconda3\\Lib\\site-packages\\werkzeug\\datastructures\\structures.py', reloading]
[2025-04-03 02:31:44,697 : INFO : _internal : [31m[1mWARNING: This is a development server. Do not use it in a production deployment. Use a production WSGI server instead.[0m
 * Running on all addresses (0.0.0.0)
 * Running on http://127.0.0.1:5001
 * Running on http://192.168.1.192:5001]
[2025-04-03 02:31:44,918 : INFO : _internal : [33mPress CTRL+C to quit[0m]
[2025-04-03 02:31:45,662 : INFO : _internal :  * Restarting with watchdog (windowsapi)]
[2025-04-03 02:31:48,991 : WARNING : _internal :  * Debugger is active!]
[2025-04-03 02:31:49,325 : INFO : _internal :  * Debugger PIN: 544-934-497]
[2025-04-03 02:31:52,206 : INFO : _internal : 127.0.0.1 - - [03/Apr/2025 02:31:52] "[35m[1mPOST /predict HTTP/1.1[0m" 500 -]
[2025-04-03 02:33:44,686 : INFO : _internal :  * Detected change in 'D:\\mlflow\\datascience-e2e-project1\\app.py', reloading]
[2025-04-03 02:33:44,686 : INFO : _internal :  * Detected change in 'D:\\mlflow\\datascience-e2e-project1\\app.py', reloading]
[2025-04-03 02:33:45,210 : INFO : _internal :  * Restarting with watchdog (windowsapi)]
[2025-04-03 02:33:49,124 : WARNING : _internal :  * Debugger is active!]
[2025-04-03 02:33:49,130 : INFO : _internal :  * Debugger PIN: 544-934-497]
[2025-04-03 02:33:55,260 : INFO : _internal : 127.0.0.1 - - [03/Apr/2025 02:33:55] "[35m[1mPOST /predict HTTP/1.1[0m" 500 -]
[2025-04-03 02:34:28,702 : INFO : _internal :  * Detected change in 'D:\\mlflow\\datascience-e2e-project1\\app.py', reloading]
[2025-04-03 02:34:28,703 : INFO : _internal :  * Detected change in 'D:\\mlflow\\datascience-e2e-project1\\app.py', reloading]
[2025-04-03 02:34:29,414 : INFO : _internal :  * Restarting with watchdog (windowsapi)]
[2025-04-03 02:34:44,485 : INFO : _internal : [31m[1mWARNING: This is a development server. Do not use it in a production deployment. Use a production WSGI server instead.[0m
 * Running on all addresses (0.0.0.0)
 * Running on http://127.0.0.1:5001
 * Running on http://192.168.1.192:5001]
[2025-04-03 02:34:44,503 : INFO : _internal : [33mPress CTRL+C to quit[0m]
[2025-04-03 02:34:44,518 : INFO : _internal :  * Restarting with watchdog (windowsapi)]
[2025-04-03 02:34:45,866 : WARNING : _internal :  * Debugger is active!]
[2025-04-03 02:34:45,871 : INFO : _internal :  * Debugger PIN: 544-934-497]
[2025-04-03 02:34:53,580 : INFO : _internal : 127.0.0.1 - - [03/Apr/2025 02:34:53] "POST /predict HTTP/1.1" 200 -]
[2025-04-03 02:35:33,995 : INFO : _internal : [31m[1mWARNING: This is a development server. Do not use it in a production deployment. Use a production WSGI server instead.[0m
 * Running on all addresses (0.0.0.0)
 * Running on http://127.0.0.1:5001
 * Running on http://192.168.1.192:5001]
[2025-04-03 02:35:33,996 : INFO : _internal : [33mPress CTRL+C to quit[0m]
[2025-04-03 02:35:34,013 : INFO : _internal :  * Restarting with watchdog (windowsapi)]
[2025-04-03 02:35:35,647 : WARNING : _internal :  * Debugger is active!]
[2025-04-03 02:35:35,655 : INFO : _internal :  * Debugger PIN: 544-934-497]
[2025-04-03 02:35:37,330 : INFO : _internal : 127.0.0.1 - - [03/Apr/2025 02:35:37] "[35m[1mPOST /predict HTTP/1.1[0m" 500 -]
[2025-04-03 02:38:58,206 : INFO : _internal : 127.0.0.1 - - [03/Apr/2025 02:38:58] "POST /predict HTTP/1.1" 200 -]
[2025-04-03 02:39:10,176 : INFO : _internal :  * Detected change in 'D:\\mlflow\\datascience-e2e-project1\\app.py', reloading]
[2025-04-03 02:39:10,177 : INFO : _internal :  * Detected change in 'D:\\mlflow\\datascience-e2e-project1\\app.py', reloading]
[2025-04-03 02:39:11,772 : INFO : _internal :  * Restarting with watchdog (windowsapi)]
[2025-04-03 02:39:36,482 : WARNING : _internal :  * Debugger is active!]
[2025-04-03 02:39:36,563 : INFO : _internal :  * Debugger PIN: 544-934-497]
[2025-04-03 02:40:25,834 : INFO : _internal :  * Detected change in 'D:\\mlflow\\datascience-e2e-project1\\app.py', reloading]
[2025-04-03 02:40:25,836 : INFO : _internal :  * Detected change in 'D:\\mlflow\\datascience-e2e-project1\\app.py', reloading]
[2025-04-03 02:40:27,411 : INFO : _internal :  * Restarting with watchdog (windowsapi)]
[2025-04-03 02:40:47,458 : WARNING : _internal :  * Debugger is active!]
[2025-04-03 02:40:47,464 : INFO : _internal :  * Debugger PIN: 544-934-497]
[2025-04-03 02:41:12,402 : INFO : _internal :  * Detected change in 'D:\\anaconda3\\Lib\\site-packages\\sklearn\\base.py', reloading]
[2025-04-03 02:41:12,645 : INFO : _internal : 127.0.0.1 - - [03/Apr/2025 02:41:12] "[35m[1mPOST /predict HTTP/1.1[0m" 500 -]
[2025-04-03 02:41:14,506 : INFO : _internal :  * Restarting with watchdog (windowsapi)]
[2025-04-03 02:41:31,446 : WARNING : _internal :  * Debugger is active!]
[2025-04-03 02:41:31,455 : INFO : _internal :  * Debugger PIN: 544-934-497]
[2025-04-03 02:42:11,823 : INFO : _internal :  * Detected change in 'D:\\mlflow\\datascience-e2e-project1\\app.py', reloading]
[2025-04-03 02:42:11,824 : INFO : _internal :  * Detected change in 'D:\\mlflow\\datascience-e2e-project1\\app.py', reloading]
[2025-04-03 02:42:12,802 : INFO : _internal :  * Restarting with watchdog (windowsapi)]
[2025-04-03 02:42:24,766 : INFO : _internal : [31m[1mWARNING: This is a development server. Do not use it in a production deployment. Use a production WSGI server instead.[0m
 * Running on all addresses (0.0.0.0)
 * Running on http://127.0.0.1:5001
 * Running on http://192.168.1.192:5001]
[2025-04-03 02:42:24,767 : INFO : _internal : [33mPress CTRL+C to quit[0m]
[2025-04-03 02:42:24,779 : INFO : _internal :  * Restarting with watchdog (windowsapi)]
[2025-04-03 02:42:26,070 : WARNING : _internal :  * Debugger is active!]
[2025-04-03 02:42:26,076 : INFO : _internal :  * Debugger PIN: 544-934-497]
[2025-04-03 02:42:56,077 : INFO : _internal : 127.0.0.1 - - [03/Apr/2025 02:42:56] "POST /predict HTTP/1.1" 200 -]
[2025-04-03 02:43:13,924 : INFO : _internal : 127.0.0.1 - - [03/Apr/2025 02:43:13] "POST /predict HTTP/1.1" 200 -]
